<?xml version="1.0" encoding="UTF-8"?>
<!-- Generated by org.testng.reporters.JUnitXMLReporter -->
<testsuite ignored="0" hostname="DESKTOP-CPNFTH3" failures="0" tests="7" name="orangeHRMsmoke" time="19.761" errors="0" timestamp="2024-11-22T02:24:00 IST">
  <testcase classname="TestNGDemos.OrangeHRMTest" name="openApp" time="2.873"/>
  <testcase classname="TestNGDemos.OrangeHRMTest" name="testLogo" time="0.545"/>
  <testcase classname="TestNGDemos.OrangeHRMTest" name="login" time="0.235"/>
  <testcase classname="TestNGDemos.OrangeHRMTest" name="logout" time="5.088"/>
  <testcase classname="TestNGDemos.FirstTestCase" name="openapp" time="1.681"/>
  <testcase classname="TestNGDemos.FirstTestCase" name="login" time="0.922"/>
  <testcase classname="TestNGDemos.FirstTestCase" name="logout" time="5.091"/>
</testsuite> <!-- orangeHRMsmoke -->
