<?xml version="1.0" encoding="UTF-8"?>
<!-- Generated by org.testng.reporters.JUnitXMLReporter -->
<testsuite ignored="0" hostname="DESKTOP-CPNFTH3" failures="0" tests="7" name="orangeHRMsmoke" time="21.729" errors="0" timestamp="2024-11-21T20:04:40 IST">
  <testcase classname="TestNGDemos.OrangeHRMTest" name="openApp" time="3.187"/>
  <testcase classname="TestNGDemos.OrangeHRMTest" name="testLogo" time="1.069"/>
  <testcase classname="TestNGDemos.OrangeHRMTest" name="login" time="1.435"/>
  <testcase classname="TestNGDemos.OrangeHRMTest" name="logout" time="5.118"/>
  <testcase classname="TestNGDemos.FirstTestCase" name="openapp" time="1.746"/>
  <testcase classname="TestNGDemos.FirstTestCase" name="login" time="1.137"/>
  <testcase classname="TestNGDemos.FirstTestCase" name="logout" time="5.148"/>
</testsuite> <!-- orangeHRMsmoke -->
