<?xml version="1.0" encoding="UTF-8"?>
<testng-results ignored="0" total="7" passed="7" failed="0" skipped="0">
  <reporter-output>
  </reporter-output>
  <suite started-at="2024-11-22T02:23:40 IST" name="All Test Suite" finished-at="2024-11-22T02:24:00 IST" duration-ms="19761">
    <groups>
    </groups>
    <test started-at="2024-11-22T02:23:40 IST" name="orangeHRMsmoke" finished-at="2024-11-22T02:24:00 IST" duration-ms="19761">
      <class name="TestNGDemos.FirstTestCase">
        <test-method is-config="true" signature="setUp()[pri:0, instance:TestNGDemos.FirstTestCase@57c758ac]" started-at="2024-11-22T02:23:51 IST" name="setUp" finished-at="2024-11-22T02:23:52 IST" duration-ms="920" status="PASS">
          <reporter-output>
          </reporter-output>
        </test-method> <!-- setUp -->
        <test-method signature="openapp()[pri:1, instance:TestNGDemos.FirstTestCase@57c758ac]" started-at="2024-11-22T02:23:52 IST" name="openapp" finished-at="2024-11-22T02:23:54 IST" duration-ms="1681" status="PASS">
          <reporter-output>
          </reporter-output>
        </test-method> <!-- openapp -->
        <test-method signature="login()[pri:2, instance:TestNGDemos.FirstTestCase@57c758ac]" started-at="2024-11-22T02:23:54 IST" name="login" finished-at="2024-11-22T02:23:55 IST" duration-ms="922" status="PASS">
          <reporter-output>
          </reporter-output>
        </test-method> <!-- login -->
        <test-method signature="logout()[pri:3, instance:TestNGDemos.FirstTestCase@57c758ac]" started-at="2024-11-22T02:23:55 IST" name="logout" finished-at="2024-11-22T02:24:00 IST" duration-ms="5091" status="PASS">
          <reporter-output>
          </reporter-output>
        </test-method> <!-- logout -->
      </class> <!-- TestNGDemos.FirstTestCase -->
      <class name="TestNGDemos.OrangeHRMTest">
        <test-method is-config="true" signature="setUp()[pri:0, instance:TestNGDemos.OrangeHRMTest@4b0b0854]" started-at="2024-11-22T02:23:40 IST" name="setUp" finished-at="2024-11-22T02:23:43 IST" duration-ms="2372" status="PASS">
          <reporter-output>
          </reporter-output>
        </test-method> <!-- setUp -->
        <test-method signature="openApp()[pri:1, instance:TestNGDemos.OrangeHRMTest@4b0b0854]" started-at="2024-11-22T02:23:43 IST" name="openApp" finished-at="2024-11-22T02:23:45 IST" duration-ms="2873" status="PASS">
          <reporter-output>
          </reporter-output>
        </test-method> <!-- openApp -->
        <test-method signature="testLogo()[pri:2, instance:TestNGDemos.OrangeHRMTest@4b0b0854]" started-at="2024-11-22T02:23:45 IST" name="testLogo" finished-at="2024-11-22T02:23:46 IST" duration-ms="545" status="PASS">
          <reporter-output>
          </reporter-output>
        </test-method> <!-- testLogo -->
        <test-method signature="login()[pri:3, instance:TestNGDemos.OrangeHRMTest@4b0b0854]" started-at="2024-11-22T02:23:46 IST" name="login" finished-at="2024-11-22T02:23:46 IST" duration-ms="235" status="PASS">
          <reporter-output>
          </reporter-output>
        </test-method> <!-- login -->
        <test-method signature="logout()[pri:4, instance:TestNGDemos.OrangeHRMTest@4b0b0854]" started-at="2024-11-22T02:23:46 IST" name="logout" finished-at="2024-11-22T02:23:51 IST" duration-ms="5088" status="PASS">
          <reporter-output>
          </reporter-output>
        </test-method> <!-- logout -->
      </class> <!-- TestNGDemos.OrangeHRMTest -->
    </test> <!-- orangeHRMsmoke -->
  </suite> <!-- All Test Suite -->
</testng-results>
