<?xml version="1.0" encoding="UTF-8"?>
<testng-results ignored="0" total="7" passed="7" failed="0" skipped="0">
  <reporter-output>
  </reporter-output>
  <suite started-at="2024-11-21T20:04:18 IST" name="All Test Suite" finished-at="2024-11-21T20:04:40 IST" duration-ms="21729">
    <groups>
    </groups>
    <test started-at="2024-11-21T20:04:18 IST" name="orangeHRMsmoke" finished-at="2024-11-21T20:04:40 IST" duration-ms="21729">
      <class name="TestNGDemos.FirstTestCase">
        <test-method is-config="true" signature="setUp()[pri:0, instance:TestNGDemos.FirstTestCase@7adda9cc]" started-at="2024-11-21T20:04:31 IST" name="setUp" finished-at="2024-11-21T20:04:32 IST" duration-ms="1144" status="PASS">
          <reporter-output>
          </reporter-output>
        </test-method> <!-- setUp -->
        <test-method signature="openapp()[pri:1, instance:TestNGDemos.FirstTestCase@7adda9cc]" started-at="2024-11-21T20:04:32 IST" name="openapp" finished-at="2024-11-21T20:04:34 IST" duration-ms="1746" status="PASS">
          <reporter-output>
          </reporter-output>
        </test-method> <!-- openapp -->
        <test-method signature="login()[pri:2, instance:TestNGDemos.FirstTestCase@7adda9cc]" started-at="2024-11-21T20:04:34 IST" name="login" finished-at="2024-11-21T20:04:35 IST" duration-ms="1137" status="PASS">
          <reporter-output>
          </reporter-output>
        </test-method> <!-- login -->
        <test-method signature="logout()[pri:3, instance:TestNGDemos.FirstTestCase@7adda9cc]" started-at="2024-11-21T20:04:35 IST" name="logout" finished-at="2024-11-21T20:04:40 IST" duration-ms="5148" status="PASS">
          <reporter-output>
          </reporter-output>
        </test-method> <!-- logout -->
      </class> <!-- TestNGDemos.FirstTestCase -->
      <class name="TestNGDemos.OrangeHRMTest">
        <test-method is-config="true" signature="setUp()[pri:0, instance:TestNGDemos.OrangeHRMTest@3cc2931c]" started-at="2024-11-21T20:04:19 IST" name="setUp" finished-at="2024-11-21T20:04:20 IST" duration-ms="1698" status="PASS">
          <reporter-output>
          </reporter-output>
        </test-method> <!-- setUp -->
        <test-method signature="openApp()[pri:1, instance:TestNGDemos.OrangeHRMTest@3cc2931c]" started-at="2024-11-21T20:04:20 IST" name="openApp" finished-at="2024-11-21T20:04:23 IST" duration-ms="3187" status="PASS">
          <reporter-output>
          </reporter-output>
        </test-method> <!-- openApp -->
        <test-method signature="testLogo()[pri:2, instance:TestNGDemos.OrangeHRMTest@3cc2931c]" started-at="2024-11-21T20:04:23 IST" name="testLogo" finished-at="2024-11-21T20:04:24 IST" duration-ms="1069" status="PASS">
          <reporter-output>
          </reporter-output>
        </test-method> <!-- testLogo -->
        <test-method signature="login()[pri:3, instance:TestNGDemos.OrangeHRMTest@3cc2931c]" started-at="2024-11-21T20:04:24 IST" name="login" finished-at="2024-11-21T20:04:26 IST" duration-ms="1435" status="PASS">
          <reporter-output>
          </reporter-output>
        </test-method> <!-- login -->
        <test-method signature="logout()[pri:4, instance:TestNGDemos.OrangeHRMTest@3cc2931c]" started-at="2024-11-21T20:04:26 IST" name="logout" finished-at="2024-11-21T20:04:31 IST" duration-ms="5118" status="PASS">
          <reporter-output>
          </reporter-output>
        </test-method> <!-- logout -->
      </class> <!-- TestNGDemos.OrangeHRMTest -->
    </test> <!-- orangeHRMsmoke -->
  </suite> <!-- All Test Suite -->
</testng-results>
